[21-Mar-2016 00:49:45 UTC] PHP Warning:  phpinfo(): It is not safe to rely on the system's timezone settings. You are *required* to use the date.timezone setting or the date_default_timezone_set() function. In case you used any of those methods and you are still getting this warning, you most likely misspelled the timezone identifier. We selected the timezone 'UTC' for now, but please set date.timezone to select your timezone. in /Users/oche1/Dropbox/Website/phpinfo.php on line 1
[21-Mar-2016 00:50:45 UTC] PHP Warning:  fopen(id): failed to open stream: Permission denied in /Users/oche1/Dropbox/Website/partid.php on line 7
[21-Mar-2016 01:14:05 UTC] PHP Warning:  fopen(id): failed to open stream: Permission denied in /Users/oche1/Dropbox/Website/partid.php on line 8
[21-Mar-2016 01:15:50 UTC] PHP Warning:  fopen(id): failed to open stream: Permission denied in /Users/oche1/Dropbox/Website/partid.php on line 8
[21-Mar-2016 01:17:29 UTC] PHP Warning:  fopen(id): failed to open stream: Permission denied in /Users/oche1/Dropbox/Website/partid.php on line 8
[21-Mar-2016 01:19:06 UTC] PHP Warning:  fopen(id): failed to open stream: Permission denied in /Users/oche1/Dropbox/Website/partid.php on line 8
[21-Mar-2016 01:22:02 UTC] PHP Warning:  fopen(id): failed to open stream: Permission denied in /Users/oche1/Dropbox/Website/partid.php on line 8
[21-Mar-2016 01:22:52 UTC] PHP Fatal error:  Call to undefined function start_session() in /Users/oche1/Dropbox/Website/partid.php on line 2
[21-Mar-2016 01:22:58 UTC] PHP Fatal error:  Call to undefined function start_session() in /Users/oche1/Dropbox/Website/partid.php on line 2
[21-Mar-2016 01:38:43 UTC] PHP Notice:  Undefined index: js in /Users/oche1/Dropbox/Website/partid.php on line 3
[21-Mar-2016 01:52:22 UTC] PHP Parse error:  parse error, expecting `','' or `';'' in /Users/oche1/Dropbox/Website/partid.php on line 8
[21-Mar-2016 01:52:43 UTC] PHP Parse error:  parse error, expecting `','' or `';'' in /Users/oche1/Dropbox/Website/partid.php on line 8
[21-Mar-2016 02:09:57 UTC] PHP Catchable fatal error:  Object of class stdClass could not be converted to string in /Users/oche1/Dropbox/Website/partid.php on line 5
[21-Mar-2016 15:48:38 UTC] PHP Fatal error:  Cannot use object of type stdClass as array in /Users/oche1/Dropbox/Website/partid.php on line 5
[21-Mar-2016 15:52:08 UTC] PHP Notice:  Array to string conversion in /Users/oche1/Dropbox/Website/partid.php on line 5
[21-Mar-2016 15:53:07 UTC] PHP Notice:  Array to string conversion in /Users/oche1/Dropbox/Website/partid.php on line 5
[21-Mar-2016 16:26:18 UTC] PHP Notice:  Array to string conversion in /Users/oche1/Dropbox/Website/partid.php on line 6
[21-Mar-2016 16:26:25 UTC] PHP Notice:  Trying to get property of non-object in /Users/oche1/Dropbox/Website/partid.php on line 6
[21-Mar-2016 16:27:30 UTC] PHP Notice:  Array to string conversion in /Users/oche1/Dropbox/Website/partid.php on line 6
[21-Mar-2016 16:41:00 UTC] PHP Parse error:  parse error in /Users/oche1/Dropbox/Website/partid.php on line 5
[21-Mar-2016 16:41:17 UTC] PHP Parse error:  parse error in /Users/oche1/Dropbox/Website/partid.php on line 5
[21-Mar-2016 16:41:50 UTC] PHP Notice:  Array to string conversion in /Users/oche1/Dropbox/Website/partid.php on line 8
[21-Mar-2016 17:35:03 UTC] PHP Parse error:  parse error in /Users/oche1/Dropbox/Website/partid.php on line 12
[21-Mar-2016 17:35:47 UTC] PHP Notice:  Undefined variable: file in /Users/oche1/Dropbox/Website/partid.php on line 10
[21-Mar-2016 17:35:47 UTC] PHP Warning:  fwrite() expects parameter 1 to be resource, null given in /Users/oche1/Dropbox/Website/partid.php on line 10
[21-Mar-2016 17:36:20 UTC] PHP Notice:  Undefined variable: myfile in /Users/oche1/Dropbox/Website/partid.php on line 11
[21-Mar-2016 17:36:20 UTC] PHP Warning:  fclose() expects parameter 1 to be resource, null given in /Users/oche1/Dropbox/Website/partid.php on line 11
